<?xml version="1.0" encoding="UTF-8"?>
<!-- Generated by org.testng.reporters.JUnitXMLReporter -->
<testsuite ignored="0" hostname="Thirosh" failures="0" tests="12" name="Default test" time="0.093" errors="0" timestamp="2024-02-19T14:55:41 IST">
  <testcase classname="testPractise.TestPractise2" name="MultipleObjectTestMethod" time="0.005"/>
  <testcase classname="testPractise.TestPractise2" name="MultipleObjectTestMethod" time="0.002"/>
  <testcase classname="testPractise.TestPractise2" name="MultipleObjectTestMethod" time="0.001"/>
  <testcase classname="testPractise.TestPractise2" name="MultipleObjectTestMethod" time="0.001"/>
  <testcase classname="testPractise.TestPractise2" name="MultipleObjectTestMethod" time="0.0"/>
  <testcase classname="testPractise.TestPractise2" name="SingleObjectTestMethod" time="0.002"/>
  <testcase classname="testPractise.TestPractise2" name="SingleObjectTestMethod" time="0.001"/>
  <testcase classname="testPractise.TestPractise2" name="SingleObjectTestMethod" time="0.001"/>
  <testcase classname="testPractise.TestPractise2" name="SingleStringTestMethod" time="0.002"/>
  <testcase classname="testPractise.TestPractise2" name="SingleStringTestMethod" time="0.001"/>
  <testcase classname="testPractise.TestPractise2" name="SingleStringTestMethod" time="0.001"/>
  <testcase classname="testPractise.TestPractise2" name="SingleStringTestMethod" time="0.002"/>
</testsuite> <!-- Default test -->
